2025.11.01 19:18:54,762	INFO	1	org.l2jmobius.commons.util.IXmlReader	Network Config: ipconfig.xml does not exist, using automatic configuration...
2025.11.01 19:18:55,161	INFO	1	org.l2jmobius.commons.util.IXmlReader	Network Config: Adding new subnet: 10.10.10.0/24 address: 10.10.10.122
2025.11.01 19:18:55,162	INFO	1	org.l2jmobius.commons.util.IXmlReader	Network Config: Adding new subnet: 127.0.0.0/8 address: 127.0.0.1
2025.11.01 19:18:55,163	INFO	1	org.l2jmobius.commons.util.IXmlReader	Network Config: Adding new subnet: 0.0.0.0/0 address: 190.57.223.171
2025.11.01 19:18:55,230	INFO	1	org.l2jmobius.Config	Loaded 6 Filter Words.
2025.11.01 19:18:55,232	INFO	1	org.l2jmobius.gameserver.GameServer	------------------------------------------------=[ Database ]
2025.11.01 19:18:55,431	INFO	1	org.l2jmobius.commons.database.DatabaseFactory	Database: HikariCP pool initialized successfully.
2025.11.01 19:18:55,680	INFO	1	org.l2jmobius.commons.database.DatabaseFactory	Database: Initialized with a valid connection.
2025.11.01 19:18:55,689	INFO	1	org.l2jmobius.gameserver.GameServer	----------------------------------------------=[ ThreadPool ]
2025.11.01 19:18:55,691	INFO	1	org.l2jmobius.commons.threads.ThreadPool	ThreadPool: Initialized
2025.11.01 19:18:55,691	INFO	1	org.l2jmobius.commons.threads.ThreadPool	...scheduled pool executor with 8 high priority threads.
2025.11.01 19:18:55,697	INFO	1	org.l2jmobius.commons.threads.ThreadPool	...scheduled pool executor with 32 total threads.
2025.11.01 19:18:55,697	INFO	1	org.l2jmobius.commons.threads.ThreadPool	...instant pool executor with 16 total threads.
2025.11.01 19:18:55,698	INFO	1	org.l2jmobius.gameserver.GameServer	-----------------------------------------------=[ IdManager ]
2025.11.01 19:18:55,746	INFO	1	org.l2jmobius.gameserver.managers.DatabaseIdManager	DatabaseIdManager: Cleaned 0 elements in 0 seconds.
2025.11.01 19:18:55,750	INFO	1	org.l2jmobius.gameserver.managers.DatabaseIdManager	DatabaseIdManager: Updated character online status.
2025.11.01 19:18:55,761	INFO	1	org.l2jmobius.gameserver.managers.DatabaseIdManager	DatabaseIdManager: Cleaned 0 expired timestamps.
2025.11.01 19:18:55,792	INFO	1	org.l2jmobius.gameserver.managers.IdManager	IdManager: 102912 ids available.
2025.11.01 19:18:55,792	INFO	1	org.l2jmobius.gameserver.GameServer	----------------------------------------=[ Scripting Engine ]
2025.11.01 19:18:55,986	INFO	1	org.l2jmobius.gameserver.scripting.ScriptManager	Loaded 381 files to exclude.
2025.11.01 19:18:55,986	INFO	1	org.l2jmobius.gameserver.GameServer	---------------------------------------------------=[ World ]
2025.11.01 19:18:55,995	INFO	1	org.l2jmobius.commons.util.IXmlReader	InstanceManager: Multiverse Instance created.
2025.11.01 19:18:55,995	INFO	1	org.l2jmobius.commons.util.IXmlReader	InstanceManager: Universe Instance created.
2025.11.01 19:18:56,015	INFO	1	org.l2jmobius.commons.util.IXmlReader	InstanceManager: Loaded 2 instance templates.
2025.11.01 19:18:56,158	INFO	1	org.l2jmobius.commons.util.IXmlReader	MapRegionManager: Loaded 42 map regions.
2025.11.01 19:18:56,169	INFO	1	org.l2jmobius.gameserver.managers.GlobalVariablesManager	GlobalVariablesManager: Loaded 2 variables.
2025.11.01 19:18:56,170	INFO	1	org.l2jmobius.gameserver.GameServer	----------------------------------------------------=[ Data ]
2025.11.01 19:18:56,200	INFO	1	org.l2jmobius.gameserver.data.xml.CategoryData	CategoryData: Loaded 160 categories.
2025.11.01 19:18:56,206	INFO	1	org.l2jmobius.gameserver.GameServer	--------------------------------------------------=[ Skills ]
2025.11.01 19:18:57,838	INFO	1	handlers.EffectMasterHandler	EffectMasterHandler: Loaded 145 effect handlers.
2025.11.01 19:18:57,943	INFO	1	org.l2jmobius.gameserver.data.sql.EnchantSkillTreesTable	EnchantSkillTreesTable: Loaded 14520 enchant skills.
2025.11.01 19:18:58,432	INFO	1	org.l2jmobius.commons.util.IXmlReader	SkillTreeData: Loaded 13777 Class Skills for 89 class skill trees.
2025.11.01 19:18:58,432	INFO	1	org.l2jmobius.commons.util.IXmlReader	SkillTreeData: Loaded 117 fishing skills, 8 Dwarven only fishing skills.
2025.11.01 19:18:58,435	INFO	1	org.l2jmobius.commons.util.IXmlReader	SkillTreeData: Loaded 64 clan skills, 64 for clan and 0 residential.
2025.11.01 19:18:58,436	INFO	1	org.l2jmobius.commons.util.IXmlReader	SkillTreeData: Loaded 8 noble skills.
2025.11.01 19:18:58,436	INFO	1	org.l2jmobius.commons.util.IXmlReader	SkillTreeData: Loaded 5 hero skills.
2025.11.01 19:18:58,436	INFO	1	org.l2jmobius.commons.util.IXmlReader	SkillTreeData: Loaded 25 game master skills.
2025.11.01 19:18:58,436	INFO	1	org.l2jmobius.commons.util.IXmlReader	SkillTreeData: Loaded 1 game master aura skills.
2025.11.01 19:18:59,965	INFO	1	org.l2jmobius.gameserver.data.xml.SkillData	SkillData: Loaded 29865 Skill templates from XML files.
2025.11.01 19:19:00,003	INFO	1	org.l2jmobius.gameserver.data.xml.PetSkillData	PetSkillData: Loaded 795 skills.
2025.11.01 19:19:00,003	INFO	1	org.l2jmobius.gameserver.GameServer	---------------------------------------------------=[ Items ]
2025.11.01 19:19:00,342	INFO	1	org.l2jmobius.gameserver.data.xml.ItemData	ItemData: Highest item id used: 50000
2025.11.01 19:19:00,342	INFO	1	org.l2jmobius.gameserver.data.xml.ItemData	ItemData: Loaded 6882 etc items.
2025.11.01 19:19:00,342	INFO	1	org.l2jmobius.gameserver.data.xml.ItemData	ItemData: Loaded 1106 armor items.
2025.11.01 19:19:00,342	INFO	1	org.l2jmobius.gameserver.data.xml.ItemData	ItemData: Loaded 1223 weapon items.
2025.11.01 19:19:00,342	INFO	1	org.l2jmobius.gameserver.data.xml.ItemData	ItemData: Loaded 9211 items in total.
2025.11.01 19:19:00,346	INFO	1	org.l2jmobius.commons.util.IXmlReader	EnchantItemGroupsData: Loaded 4 item group templates.
2025.11.01 19:19:00,346	INFO	1	org.l2jmobius.commons.util.IXmlReader	EnchantItemGroupsData: Loaded 1 scroll group templates.
2025.11.01 19:19:00,346	INFO	1	org.l2jmobius.commons.util.IXmlReader	EnchantItemGroupsData: Max weapon enchant is set to 16.
2025.11.01 19:19:00,346	INFO	1	org.l2jmobius.commons.util.IXmlReader	EnchantItemGroupsData: Max armor enchant is set to 16.
2025.11.01 19:19:00,346	INFO	1	org.l2jmobius.commons.util.IXmlReader	EnchantItemGroupsData: Max accessory enchant is set to 16.
2025.11.01 19:19:00,354	INFO	1	org.l2jmobius.commons.util.IXmlReader	EnchantItemData: Loaded 30 enchant scrolls.
2025.11.01 19:19:00,974	INFO	1	org.l2jmobius.gameserver.data.xml.OptionData	OptionData: Loaded 16380 options.
2025.11.01 19:19:00,984	INFO	1	org.l2jmobius.commons.util.IXmlReader	EnchantItemHPBonusData: Loaded 6 enchant HP bonuses.
2025.11.01 19:19:00,990	INFO	1	org.l2jmobius.commons.util.IXmlReader	MerchantPriceConfigTable: Loaded 0 merchant price configs.
2025.11.01 19:19:01,952	INFO	1	org.l2jmobius.gameserver.data.xml.BuyListData	BuyListData: Loaded 616 buyLists.
2025.11.01 19:19:02,222	INFO	1	org.l2jmobius.commons.util.IXmlReader	MultisellData: Loaded 93 multisell lists.
2025.11.01 19:19:02,254	INFO	1	org.l2jmobius.commons.util.IXmlReader	RecipeData: Loaded 871 recipes.
2025.11.01 19:19:02,270	INFO	1	org.l2jmobius.commons.util.IXmlReader	ArmorSetData: Loaded 51 armor sets.
2025.11.01 19:19:02,286	INFO	1	org.l2jmobius.commons.util.IXmlReader	FishData: Loaded 278 fishes.
2025.11.01 19:19:02,286	INFO	1	org.l2jmobius.commons.util.IXmlReader	FishingMonstersData: Loaded 8 fishing monsters.
2025.11.01 19:19:02,286	INFO	1	org.l2jmobius.commons.util.IXmlReader	FishingRodsData: Loaded 6 fishing rods.
2025.11.01 19:19:02,318	INFO	1	org.l2jmobius.commons.util.IXmlReader	HennaData: Loaded 180 henna data.
2025.11.01 19:19:02,318	INFO	1	org.l2jmobius.gameserver.GameServer	----------------------------------------------=[ Characters ]
2025.11.01 19:19:02,334	INFO	1	org.l2jmobius.gameserver.data.xml.ClassListData	ClassListData: Loaded 89 class data.
2025.11.01 19:19:02,334	INFO	1	org.l2jmobius.commons.util.IXmlReader	InitialEquipmentData: Loaded 9 initial equipment data.
2025.11.01 19:19:02,334	INFO	1	org.l2jmobius.commons.util.IXmlReader	InitialShortcutData: Loaded 5 initial global shortcut data.
2025.11.01 19:19:02,334	INFO	1	org.l2jmobius.commons.util.IXmlReader	InitialShortcutData: Loaded 4 initial shortcut data.
2025.11.01 19:19:02,334	INFO	1	org.l2jmobius.commons.util.IXmlReader	InitialShortcutData: Loaded 0 macro presets.
2025.11.01 19:19:02,350	INFO	1	org.l2jmobius.gameserver.data.xml.ExperienceData	ExperienceData: Loaded 81 levels.
2025.11.01 19:19:02,350	INFO	1	org.l2jmobius.gameserver.data.xml.ExperienceData	ExperienceData: Max Player Level is 80.
2025.11.01 19:19:02,350	INFO	1	org.l2jmobius.gameserver.data.xml.ExperienceData	ExperienceData: Max Pet Level is 80.
2025.11.01 19:19:02,366	INFO	1	org.l2jmobius.commons.util.IXmlReader	KarmaData: Loaded 80 karma modifiers.
2025.11.01 19:19:02,370	INFO	1	org.l2jmobius.commons.util.IXmlReader	HitConditionBonusData: Loaded hit condition bonuses.
2025.11.01 19:19:02,674	INFO	1	org.l2jmobius.gameserver.data.xml.PlayerTemplateData	PlayerTemplateData: Loaded 89 character templates.
2025.11.01 19:19:02,674	INFO	1	org.l2jmobius.gameserver.data.xml.PlayerTemplateData	PlayerTemplateData: Loaded 42720 level up gain records.
2025.11.01 19:19:02,674	INFO	1	org.l2jmobius.gameserver.data.sql.CharInfoTable	CharInfoTable: Loaded 0 char names.
2025.11.01 19:19:02,682	INFO	1	org.l2jmobius.gameserver.data.xml.AdminData	AdminData: Loaded 10 access levels.
2025.11.01 19:19:02,682	INFO	1	org.l2jmobius.gameserver.data.xml.AdminData	AdminData: Loaded 432 access commands.
2025.11.01 19:19:02,697	INFO	1	org.l2jmobius.gameserver.managers.RaidBossPointsManager	RaidBossPointsManager: Loaded 0 Characters Raid Points.
2025.11.01 19:19:02,777	INFO	1	org.l2jmobius.commons.util.IXmlReader	PetDataTable: Loaded 12 pets.
2025.11.01 19:19:02,782	INFO	1	org.l2jmobius.gameserver.GameServer	PremiumManager: Premium system is enabled.
2025.11.01 19:19:02,793	INFO	1	org.l2jmobius.gameserver.GameServer	---------------------------------------------------=[ Clans ]
2025.11.01 19:19:02,813	INFO	1	org.l2jmobius.gameserver.communitybbs.Manager.ForumsBBSManager	ForumsBBSManager: Loaded 4 forums. Last forum id used: 4
2025.11.01 19:19:02,824	INFO	1	org.l2jmobius.gameserver.data.sql.ClanTable	ClanTable: Restored 0 clans from the database.
2025.11.01 19:19:02,824	INFO	1	org.l2jmobius.gameserver.managers.CHSiegeManager	CHSiegeManager: Loaded 6 conquerable clan halls.
2025.11.01 19:19:02,887	INFO	1	org.l2jmobius.gameserver.managers.ClanHallAuctionManager	ClanHallAuctionManager: Loaded 38 auction(s)
2025.11.01 19:19:02,887	INFO	1	org.l2jmobius.gameserver.data.sql.ClanHallTable	ClanHallTable: Loaded 0 clan halls
2025.11.01 19:19:02,887	INFO	1	org.l2jmobius.gameserver.data.sql.ClanHallTable	ClanHallTable: Loaded 38 free clan halls
2025.11.01 19:19:02,887	INFO	1	org.l2jmobius.gameserver.GameServer	-------------------------------------------------=[ Geodata ]
2025.11.01 19:19:02,914	INFO	1	org.l2jmobius.gameserver.geoengine.GeoEngine	GeoEngine: Loaded 0 regions.
2025.11.01 19:19:02,914	INFO	1	org.l2jmobius.gameserver.geoengine.GeoEngine	GeoEngine: Pathfinding is disabled.
2025.11.01 19:19:02,914	INFO	1	org.l2jmobius.gameserver.GameServer	----------------------------------------------------=[ NPCs ]
2025.11.01 19:19:02,935	INFO	1	org.l2jmobius.gameserver.managers.ZoneManager	ZoneManager 12 by 17 Zone Region Grid set up.
2025.11.01 19:19:03,957	INFO	1	org.l2jmobius.commons.util.IXmlReader	NpcData: Loaded 6519 NPCs.
2025.11.01 19:19:03,989	INFO	1	org.l2jmobius.commons.util.IXmlReader	NpcData: Loaded 18 custom NPCs.
2025.11.01 19:19:03,995	INFO	1	org.l2jmobius.commons.util.IXmlReader	SkillLearnData: Loaded 217 skill learn data.
2025.11.01 19:19:04,002	INFO	1	org.l2jmobius.gameserver.managers.GrandBossManager	GrandBossManager: Gigantic Chaos Golem(25512) status is 0.
2025.11.01 19:19:04,006	INFO	1	org.l2jmobius.gameserver.managers.GrandBossManager	GrandBossManager: Queen Ant(29001) status is 0.
2025.11.01 19:19:04,006	INFO	1	org.l2jmobius.gameserver.managers.GrandBossManager	GrandBossManager: Core(29006) status is 0.
2025.11.01 19:19:04,006	INFO	1	org.l2jmobius.gameserver.managers.GrandBossManager	GrandBossManager: Orfen(29014) status is 0.
2025.11.01 19:19:04,007	INFO	1	org.l2jmobius.gameserver.managers.GrandBossManager	GrandBossManager: Antharas(29019) status is 0.
2025.11.01 19:19:04,007	INFO	1	org.l2jmobius.gameserver.managers.GrandBossManager	GrandBossManager: Baium(29020) status is 0.
2025.11.01 19:19:04,007	INFO	1	org.l2jmobius.gameserver.managers.GrandBossManager	GrandBossManager: Zaken(29022) status is 0.
2025.11.01 19:19:04,007	INFO	1	org.l2jmobius.gameserver.managers.GrandBossManager	GrandBossManager: Valakas(29028) status is 0.
2025.11.01 19:19:04,007	INFO	1	org.l2jmobius.gameserver.managers.GrandBossManager	GrandBossManager: Frintezza(29045) status is 0.
2025.11.01 19:19:04,008	INFO	1	org.l2jmobius.gameserver.managers.GrandBossManager	GrandBossManager: Loaded 9 Instances
2025.11.01 19:19:04,128	INFO	1	org.l2jmobius.gameserver.managers.ZoneManager	ZoneManager: Loaded 29 zone classes and 2413 zones.
2025.11.01 19:19:04,130	INFO	1	org.l2jmobius.gameserver.managers.ZoneManager	ZoneManager: Last static id 200224.
2025.11.01 19:19:04,167	INFO	1	org.l2jmobius.commons.util.IXmlReader	DoorData: Loaded 547 doors.
2025.11.01 19:19:04,176	INFO	1	FenceData	FenceData: Loaded 1 fences.
2025.11.01 19:19:04,191	INFO	1	org.l2jmobius.gameserver.data.xml.LevelUpCrystalData	Soul crystal data : Loaded 39
2025.11.01 19:19:04,191	INFO	1	org.l2jmobius.gameserver.data.xml.LevelUpCrystalData	Npc leveling crystal data : Loaded 125
2025.11.01 19:19:04,204	INFO	1	org.l2jmobius.gameserver.managers.WalkingManager	WalkingManager: Loaded 14 walking routes.
2025.11.01 19:19:04,214	INFO	1	org.l2jmobius.commons.util.IXmlReader	StaticObjectData: Loaded 29 static object templates.
2025.11.01 19:19:04,231	INFO	1	org.l2jmobius.gameserver.managers.CastleManager	CastleManager: Loaded 9 castles
2025.11.01 19:19:04,238	INFO	1	org.l2jmobius.gameserver.data.SchemeBufferTable	SchemeBufferTable: Loaded 0 players schemes and 60 available buffs.
2025.11.01 19:19:04,239	INFO	1	org.l2jmobius.gameserver.managers.GrandBossManager	GrandBossManager: Initialized 10 Grand Boss Zones
2025.11.01 19:19:04,240	INFO	1	org.l2jmobius.gameserver.GameServer	------------------------------------------------=[ Olympiad ]
2025.11.01 19:19:04,250	INFO	1	org.l2jmobius.gameserver.model.olympiad.Olympiad	Olympiad System: Loading Olympiad System....
2025.11.01 19:19:04,250	INFO	1	org.l2jmobius.gameserver.model.olympiad.Olympiad	Olympiad System: Currently in Olympiad Period
2025.11.01 19:19:04,250	INFO	1	org.l2jmobius.gameserver.model.olympiad.Olympiad	Olympiad System: 29 days, 16 hours and 40 mins until period ends.
2025.11.01 19:19:04,250	INFO	1	org.l2jmobius.gameserver.model.olympiad.Olympiad	Olympiad System: Next weekly change is in 6 days, 23 hours and 52 mins.
2025.11.01 19:19:04,251	INFO	1	org.l2jmobius.gameserver.model.olympiad.Olympiad	Olympiad System: Loaded 0 Nobles
2025.11.01 19:19:04,255	INFO	1	org.l2jmobius.gameserver.model.olympiad.Olympiad	Olympiad System: Competition Period Starts in 0 days, 0 hours and 41 mins.
2025.11.01 19:19:04,266	INFO	1	org.l2jmobius.gameserver.model.olympiad.Olympiad	Olympiad System: Event starts/started : Sat Nov 01 20:00:04 ART 2025
2025.11.01 19:19:04,270	INFO	1	org.l2jmobius.gameserver.model.olympiad.Hero	Hero System: Loaded 0 Heroes.
2025.11.01 19:19:04,270	INFO	1	org.l2jmobius.gameserver.model.olympiad.Hero	Hero System: Loaded 0 all time Heroes.
2025.11.01 19:19:04,271	INFO	1	org.l2jmobius.gameserver.GameServer	---------------------------------------------=[ Seven Signs ]
2025.11.01 19:19:04,275	INFO	1	org.l2jmobius.gameserver.model.sevensigns.SevenSigns	SevenSigns: Currently in the Competition (Quest Event) period!
2025.11.01 19:19:04,275	INFO	1	org.l2jmobius.gameserver.model.sevensigns.SevenSigns	SevenSigns: The Seal of Avarice remains unclaimed.
2025.11.01 19:19:04,275	INFO	1	org.l2jmobius.gameserver.model.sevensigns.SevenSigns	SevenSigns: The Seal of Gnosis remains unclaimed.
2025.11.01 19:19:04,275	INFO	1	org.l2jmobius.gameserver.model.sevensigns.SevenSigns	SevenSigns: The Seal of Strife remains unclaimed.
2025.11.01 19:19:04,275	INFO	1	org.l2jmobius.gameserver.model.sevensigns.SevenSigns	SevenSigns: The competition, if the current trend continues, will end in a tie this week.
2025.11.01 19:19:04,276	INFO	1	org.l2jmobius.gameserver.model.sevensigns.SevenSigns	SevenSigns: Next period change set to Mon Nov 03 18:00:04 ART 2025
2025.11.01 19:19:04,277	INFO	1	org.l2jmobius.gameserver.model.sevensigns.SevenSigns	SevenSigns: Next period begins in 1 days, 22 hours and 40 mins.
2025.11.01 19:19:04,277	INFO	1	org.l2jmobius.gameserver.GameServer	---------------------------------------------------=[ Cache ]
2025.11.01 19:19:04,278	INFO	1	org.l2jmobius.gameserver.cache.HtmCache	Cache[HTML]: Running lazy cache.
2025.11.01 19:19:04,280	INFO	1	org.l2jmobius.gameserver.data.sql.CrestTable	CrestTable: Loaded 0 Crests.
2025.11.01 19:19:04,540	INFO	1	org.l2jmobius.gameserver.data.xml.TeleporterData	TeleporterData: Loaded 142 npc teleporters.
2025.11.01 19:19:04,587	INFO	1	org.l2jmobius.gameserver.data.AugmentationData	AugmentationData: Loaded 22640 augmentations.
2025.11.01 19:19:04,605	INFO	1	org.l2jmobius.gameserver.managers.CursedWeaponsManager	CursedWeaponsManager: Loaded : 2 cursed weapon(s).
2025.11.01 19:19:04,605	INFO	1	org.l2jmobius.gameserver.GameServer	-------------------------------------------------=[ Scripts ]
2025.11.01 19:19:04,605	INFO	1	org.l2jmobius.gameserver.GameServer	Loading server scripts...
2025.11.01 19:19:06,966	INFO	1	handlers.MasterHandler	Loading Handlers...
2025.11.01 19:19:07,043	INFO	1	handlers.MasterHandler	ActionHandler: Loaded 10 handlers.
2025.11.01 19:19:07,043	INFO	1	handlers.MasterHandler	ActionShiftHandler: Loaded 6 handlers.
2025.11.01 19:19:07,043	INFO	1	handlers.MasterHandler	AdminCommandHandler: Loaded 444 handlers.
2025.11.01 19:19:07,043	INFO	1	handlers.MasterHandler	BypassHandler: Loaded 38 handlers.
2025.11.01 19:19:07,043	INFO	1	handlers.MasterHandler	ChatHandler: Loaded 14 handlers.
2025.11.01 19:19:07,043	INFO	1	handlers.MasterHandler	CommunityBoardHandler: Loaded 27 handlers.
2025.11.01 19:19:07,043	INFO	1	handlers.MasterHandler	ItemHandler: Loaded 25 handlers.
2025.11.01 19:19:07,043	INFO	1	handlers.MasterHandler	PunishmentHandler: Loaded 3 handlers.
2025.11.01 19:19:07,043	INFO	1	handlers.MasterHandler	UserCommandHandler: Loaded 15 handlers.
2025.11.01 19:19:07,043	INFO	1	handlers.MasterHandler	VoicedCommandHandler: Loaded 8 handlers.
2025.11.01 19:19:07,043	INFO	1	handlers.MasterHandler	TargetHandler: Loaded 34 handlers.
2025.11.01 19:19:07,043	INFO	1	handlers.MasterHandler	Handlers Loaded...
2025.11.01 19:19:11,112	INFO	1	ai.areas.ImperialTomb.FourSepulchers.FourSepulchers	[Four Sepulchers] Loaded 762 spawn zones data.
2025.11.01 19:19:11,207	INFO	1	org.l2jmobius.commons.util.IXmlReader	NpcBuffersData: Loaded 10 buffers data.
2025.11.01 19:19:11,223	CONFIG	1	conquerablehalls.BanditStronghold.BanditStronghold	Bandit StrongHold siege scheduled for Sat Nov 15 12:00:00 ART 2025.
2025.11.01 19:19:11,239	CONFIG	1	conquerablehalls.DevastatedCastle.DevastatedCastle	Devastated Castle siege scheduled for Sat Nov 15 12:00:00 ART 2025.
2025.11.01 19:19:11,254	CONFIG	1	conquerablehalls.FortressOfResistance.FortressOfResistance	Fortress of Resistance siege scheduled for Sat Nov 15 12:00:00 ART 2025.
2025.11.01 19:19:11,254	CONFIG	1	conquerablehalls.FortressOfTheDead.FortressOfTheDead	Fortress of the Dead siege scheduled for Sat Nov 15 12:00:00 ART 2025.
2025.11.01 19:19:11,270	CONFIG	1	conquerablehalls.RainbowSpringsChateau.RainbowSpringsChateau	Rainbow Springs siege scheduled for Sat Nov 15 12:00:00 ART 2025.
2025.11.01 19:19:11,270	CONFIG	1	conquerablehalls.WildBeastReserve.WildBeastReserve	Beast Farm siege scheduled for Sat Nov 15 12:00:00 ART 2025.
2025.11.01 19:19:11,334	INFO	1	org.l2jmobius.gameserver.model.quest.Quest	Event Christmas has passed... Ignored 
2025.11.01 19:19:11,334	INFO	1	org.l2jmobius.gameserver.model.quest.Quest	Event Heavy Medal has passed... Ignored 
2025.11.01 19:19:11,349	INFO	1	org.l2jmobius.gameserver.model.quest.Quest	Event L2 Day has passed... Ignored 
2025.11.01 19:19:11,887	INFO	1	org.l2jmobius.gameserver.data.xml.SpawnData	SpawnData: Initializing spawns...
2025.11.01 19:19:13,701	INFO	1	org.l2jmobius.gameserver.data.xml.SpawnData	SpawnData: 35846 spawns have been initialized!
2025.11.01 19:19:13,705	INFO	1	org.l2jmobius.gameserver.managers.DayNightSpawnManager	DayNightSpawnManager: Removed 0 night creatures
2025.11.01 19:19:13,709	INFO	1	org.l2jmobius.gameserver.managers.DayNightSpawnManager	DayNightSpawnManager: Spawned 232 day creatures
2025.11.01 19:19:13,725	INFO	1	org.l2jmobius.gameserver.managers.DimensionalRiftManager	DimensionalRiftManager: Loaded 7 room types with 56 rooms.
2025.11.01 19:19:13,729	INFO	1	org.l2jmobius.gameserver.managers.DimensionalRiftManager	DimensionalRiftManager: Loaded 462 dimensional rift spawns, 0 errors.
2025.11.01 19:19:13,755	INFO	1	org.l2jmobius.gameserver.managers.RaidBossSpawnManager	RaidBossSpawnManager: Loaded 189 Instances
2025.11.01 19:19:13,755	INFO	1	org.l2jmobius.gameserver.managers.RaidBossSpawnManager	RaidBossSpawnManager: Scheduled 0 Instances
2025.11.01 19:19:13,756	INFO	1	org.l2jmobius.gameserver.GameServer	---------------------------------------------------=[ Siege ]
2025.11.01 19:19:13,768	INFO	1	org.l2jmobius.gameserver.data.xml.SiegeScheduleData	SiegeScheduleData: Loaded 9 siege schedulers.
2025.11.01 19:19:13,768	INFO	1	org.l2jmobius.gameserver.model.siege.Siege	Siege of Gludio: Sun Nov 02 16:00:00 ART 2025
2025.11.01 19:19:13,768	INFO	1	org.l2jmobius.gameserver.model.siege.Siege	Siege of Dion: Sun Nov 02 20:00:00 ART 2025
2025.11.01 19:19:13,772	INFO	1	org.l2jmobius.gameserver.model.siege.Siege	Siege of Giran: Sun Nov 02 16:00:00 ART 2025
2025.11.01 19:19:13,772	INFO	1	org.l2jmobius.gameserver.model.siege.Siege	Siege of Oren: Sun Nov 02 20:00:00 ART 2025
2025.11.01 19:19:13,772	INFO	1	org.l2jmobius.gameserver.model.siege.Siege	Siege of Aden: Sun Nov 02 16:00:00 ART 2025
2025.11.01 19:19:13,772	INFO	1	org.l2jmobius.gameserver.model.siege.Siege	Siege of Innadril: Sun Nov 02 20:00:00 ART 2025
2025.11.01 19:19:13,772	INFO	1	org.l2jmobius.gameserver.model.siege.Siege	Siege of Goddard: Sun Nov 02 16:00:00 ART 2025
2025.11.01 19:19:13,772	INFO	1	org.l2jmobius.gameserver.model.siege.Siege	Siege of Rune: Sun Nov 02 20:00:00 ART 2025
2025.11.01 19:19:13,778	INFO	1	org.l2jmobius.gameserver.model.siege.Siege	Siege of Schuttgart: Sun Nov 02 16:00:00 ART 2025
2025.11.01 19:19:13,788	INFO	1	org.l2jmobius.commons.util.IXmlReader	CastleManorManager: Loaded 258 seeds.
2025.11.01 19:19:13,793	INFO	1	org.l2jmobius.commons.util.IXmlReader	CastleManorManager: Manor data loaded.
2025.11.01 19:19:13,820	INFO	1	org.l2jmobius.gameserver.managers.MercTicketManager	MercTicketManager: Loaded 0 Mercenary Tickets
2025.11.01 19:19:13,820	INFO	1	org.l2jmobius.gameserver.managers.QuestManager	QuestManager: Loaded 342 quests.
2025.11.01 19:19:13,820	INFO	1	org.l2jmobius.gameserver.managers.QuestManager	QuestManager: Loaded 122 scripts.
2025.11.01 19:19:13,820	INFO	1	org.l2jmobius.gameserver.managers.games.MonsterRaceManager	MonsterRace: loaded 1 records, currently on race #2
2025.11.01 19:19:13,920	INFO	1	org.l2jmobius.gameserver.model.sevensigns.SevenSignsFestival	SevenSignsFestival: The first Festival of Darkness cycle begins in 2 minute(s).
2025.11.01 19:19:13,920	INFO	1	org.l2jmobius.gameserver.GameServer	AutoSpawnHandler: Loaded 124 handlers in total.
2025.11.01 19:19:13,936	INFO	1	org.l2jmobius.gameserver.managers.FishingChampionshipManager	FishingChampionshipManager : new event period start.
2025.11.01 19:19:13,936	INFO	1	org.l2jmobius.gameserver.taskmanagers.PersistentTaskManager	PersistentTaskManager: Loaded 7 Tasks.
2025.11.01 19:19:13,951	INFO	1	org.l2jmobius.gameserver.managers.DailyResetManager	DailyResetManager: Daily task will run now.
2025.11.01 19:19:13,951	INFO	1	org.l2jmobius.gameserver.managers.DailyResetManager	Starting reset of daily tasks...
2025.11.01 19:19:13,951	INFO	1	org.l2jmobius.gameserver.managers.DailyResetManager	Daily tasks reset completed.
2025.11.01 19:19:13,961	INFO	1	org.l2jmobius.gameserver.managers.PunishmentManager	PunishmentManager: Loaded 0 active and 0 expired punishments.
2025.11.01 19:19:13,961	INFO	1	org.l2jmobius.gameserver.GameServer	IdManager: Free ObjectID's remaining: 1879008167
2025.11.01 19:19:13,961	INFO	1	org.l2jmobius.gameserver.data.sql.OfflineTraderTable	OfflineTraderTable: Loading offline traders...
2025.11.01 19:19:13,961	INFO	1	org.l2jmobius.gameserver.data.sql.OfflineTraderTable	OfflineTraderTable: Loaded 0 offline traders.
2025.11.01 19:19:13,967	INFO	108	org.l2jmobius.commons.util.DeadlockWatcher	DeadlockWatcher: Thread started.
2025.11.01 19:19:14,532	INFO	1	org.l2jmobius.gameserver.GameServer	GameServer: Started, using 534 of 4096 MB total memory.
2025.11.01 19:19:14,532	INFO	1	org.l2jmobius.gameserver.GameServer	GameServer: Maximum number of connected players is 2000.
2025.11.01 19:19:14,534	INFO	1	org.l2jmobius.gameserver.GameServer	GameServer: Server loaded in 20 seconds.
2025.11.01 19:19:14,562	INFO	110	org.l2jmobius.gameserver.LoginServerThread	LoginServerThread: Connecting to login on 127.0.0.1:9014
2025.11.01 19:19:14,664	INFO	110	org.l2jmobius.gameserver.LoginServerThread	LoginServerThread: Registered on login as Server 2: Sieghardt
2025.11.01 19:32:40,947	WARNING	166	org.l2jmobius.gameserver.model.actor.Creature	Master access level set for character SUperMAster! Just a warning to be careful ;)
2025.11.01 19:49:13,962	INFO	56	org.l2jmobius.gameserver.taskmanagers.tasks.TaskSevenSignsUpdate	SevenSigns: Data updated successfully.
2025.11.01 19:49:13,978	INFO	56	org.l2jmobius.gameserver.managers.GlobalVariablesManager	GlobalVariablesManager: Stored 4 variables.
2025.11.01 19:51:03,400	WARNING	34	org.l2jmobius.gameserver.Shutdown	Server scheduled restart issued shutdown command. Shutdown in 11 seconds!
2025.11.01 19:51:09,828	WARNING	110	org.l2jmobius.gameserver.LoginServerThread	LoginServerThread: LoginServer not available, trying to reconnect...
2025.11.01 19:51:14,450	WARNING	230	org.l2jmobius.gameserver.Shutdown	GM shutdown countdown is over. shutting down NOW!
2025.11.01 19:51:14,451	INFO	230	org.l2jmobius.gameserver.Shutdown	All players disconnected and saved(0ms).
2025.11.01 19:51:14,451	INFO	230	org.l2jmobius.gameserver.Shutdown	Game Time Task Manager: Thread interruped(0ms).
2025.11.01 19:51:14,451	INFO	230	org.l2jmobius.commons.threads.ThreadPool	ThreadPool: Shutting down.
2025.11.01 19:51:14,452	INFO	230	org.l2jmobius.gameserver.Shutdown	Thread Pool Manager: Manager has been shut down(1ms).
2025.11.01 19:51:14,452	INFO	110	org.l2jmobius.gameserver.LoginServerThread	LoginServerThread: Connecting to login on 127.0.0.1:9014
2025.11.01 19:51:14,452	INFO	230	org.l2jmobius.gameserver.Shutdown	Login Server Thread: Thread interruped(0ms).
2025.11.01 19:51:14,453	INFO	230	org.l2jmobius.gameserver.Shutdown	GM shutdown received. Shutting down NOW!
2025.11.01 19:51:14,457	WARNING	110	org.l2jmobius.gameserver.LoginServerThread	LoginServerThread: LoginServer not available, trying to reconnect...
2025.11.01 19:51:14,459	INFO	230	org.l2jmobius.gameserver.Shutdown	SevenSignsFestival: Festival data saved(5ms).
2025.11.01 19:51:14,459	INFO	230	org.l2jmobius.gameserver.Shutdown	SevenSigns: Seven Signs data saved(1ms).
2025.11.01 19:51:14,461	INFO	230	org.l2jmobius.gameserver.Shutdown	SevenSigns: Seven Signs status saved(2ms).
2025.11.01 19:51:14,639	INFO	230	org.l2jmobius.gameserver.Shutdown	RaidBossSpawnManager: All raidboss info saved(178ms).
2025.11.01 19:51:14,645	INFO	230	org.l2jmobius.gameserver.Shutdown	GrandBossManager: All Grand Boss info saved(6ms).
2025.11.01 19:51:14,646	INFO	230	org.l2jmobius.gameserver.Shutdown	Olympiad System: Data saved(1ms).
2025.11.01 19:51:14,648	INFO	230	org.l2jmobius.gameserver.Shutdown	Hero System: Data saved(2ms).
2025.11.01 19:51:14,648	INFO	230	org.l2jmobius.gameserver.Shutdown	Clan System: Data saved(0ms).
2025.11.01 19:51:14,650	INFO	230	org.l2jmobius.gameserver.Shutdown	Cursed Weapons Manager: Data saved(2ms).
2025.11.01 19:51:14,652	INFO	230	org.l2jmobius.gameserver.Shutdown	Castle Manor Manager: Data saved(2ms).
2025.11.01 19:51:14,654	CONFIG	230	conquerablehalls.FortressOfTheDead.FortressOfTheDead	FortressOfTheDead: Successfully saved attackers to database.
2025.11.01 19:51:14,654	CONFIG	230	conquerablehalls.DevastatedCastle.DevastatedCastle	DevastatedCastle: Successfully saved attackers to database.
2025.11.01 19:51:14,655	CONFIG	230	conquerablehalls.BanditStronghold.BanditStronghold	BanditStronghold: Successfully saved attackers to database.
2025.11.01 19:51:14,656	CONFIG	230	conquerablehalls.FortressOfResistance.FortressOfResistance	FortressOfResistance: Successfully saved attackers to database.
2025.11.01 19:51:14,657	CONFIG	230	conquerablehalls.RainbowSpringsChateau.RainbowSpringsChateau	RainbowSpringsChateau: Successfully saved attackers to database.
2025.11.01 19:51:14,657	CONFIG	230	conquerablehalls.WildBeastReserve.WildBeastReserve	WildBeastReserve: Successfully saved attackers to database.
2025.11.01 19:51:14,658	INFO	230	org.l2jmobius.gameserver.Shutdown	CHSiegeManager: Siegable hall attacker lists saved!
2025.11.01 19:51:14,658	INFO	230	org.l2jmobius.gameserver.Shutdown	Quest Manager: Data saved(6ms).
2025.11.01 19:51:14,664	INFO	230	org.l2jmobius.gameserver.managers.GlobalVariablesManager	GlobalVariablesManager: Stored 5 variables.
2025.11.01 19:51:14,664	INFO	230	org.l2jmobius.gameserver.Shutdown	Global Variables Manager: Variables saved(6ms).
2025.11.01 19:51:14,665	INFO	230	org.l2jmobius.gameserver.Shutdown	Fishing Championship data has been saved.
2025.11.01 19:51:14,679	INFO	230	org.l2jmobius.gameserver.Shutdown	SchemeBufferTable data has been saved.
2025.11.01 19:51:19,459	INFO	110	org.l2jmobius.gameserver.LoginServerThread	LoginServerThread: Connecting to login on 127.0.0.1:9014
2025.11.01 19:51:19,459	WARNING	110	org.l2jmobius.gameserver.LoginServerThread	LoginServerThread: LoginServer not available, trying to reconnect...
2025.11.01 19:51:19,694	INFO	230	org.l2jmobius.commons.database.DatabaseFactory	Database: HikariCP pool closed successfully.
2025.11.01 19:51:19,694	INFO	230	org.l2jmobius.gameserver.Shutdown	Database Factory: Database connection has been shut down(2ms).
2025.11.01 19:51:19,695	INFO	230	org.l2jmobius.gameserver.Shutdown	The server has been successfully shut down in 5seconds.
